<?xml version="1.0" encoding="UTF-8"?>
<testsuite xmlns:xsi="http://www.w3.org/2001/XMLSchema-instance" xsi:noNamespaceSchemaLocation="https://maven.apache.org/surefire/maven-surefire-plugin/xsd/surefire-test-report-3.0.xsd" version="3.0" name="admitto.unum.model.diagnosticadmitto.unum.model.diagnostic.diagnostic.NameParser_Test" time="0.284" tests="2" errors="0" skipped="0" failures="0">
  <properties>
    <property name="java.specification.version" value="19"/>
    <property name="sun.jnu.encoding" value="UTF-8"/>
    <property name="java.class.path" value="/home/admitone/github/admitto-unum-model-diagnostic/target/test-classes:/home/admitone/github/admitto-unum-model-diagnostic/target/classes:/home/admitone/.m2/repository/org/eclipse/emf/org.eclipse.emf.ecore/2.34.0/org.eclipse.emf.ecore-2.34.0.jar:/home/admitone/.m2/repository/org/eclipse/emf/org.eclipse.emf.common/2.28.0/org.eclipse.emf.common-2.28.0.jar:/home/admitone/.m2/repository/org/eclipse/collections/eclipse-collections/8.2.0/eclipse-collections-8.2.0.jar:/home/admitone/.m2/repository/org/eclipse/collections/eclipse-collections-api/8.2.0/eclipse-collections-api-8.2.0.jar:/home/admitone/.m2/repository/net/jcip/jcip-annotations/1.0/jcip-annotations-1.0.jar:/home/admitone/.m2/repository/io/vavr/vavr/0.10.4/vavr-0.10.4.jar:/home/admitone/.m2/repository/io/vavr/vavr-match/0.10.4/vavr-match-0.10.4.jar:/home/admitone/.m2/repository/org/junit/jupiter/junit-jupiter-engine/5.9.2/junit-jupiter-engine-5.9.2.jar:/home/admitone/.m2/repository/org/junit/platform/junit-platform-engine/1.9.2/junit-platform-engine-1.9.2.jar:/home/admitone/.m2/repository/org/opentest4j/opentest4j/1.2.0/opentest4j-1.2.0.jar:/home/admitone/.m2/repository/org/junit/platform/junit-platform-commons/1.9.2/junit-platform-commons-1.9.2.jar:/home/admitone/.m2/repository/org/junit/jupiter/junit-jupiter-api/5.9.2/junit-jupiter-api-5.9.2.jar:/home/admitone/.m2/repository/org/apiguardian/apiguardian-api/1.1.2/apiguardian-api-1.1.2.jar:/home/admitone/.m2/repository/org/assertj/assertj-core/3.21.0/assertj-core-3.21.0.jar:/home/admitone/.m2/repository/admitto/unum/route66/route66-expressive-java-assert/0.1.0-SNAPSHOT/route66-expressive-java-assert-0.1.0-SNAPSHOT.jar:/home/admitone/.m2/repository/admitto/unum/route66/route66-expressive-java/0.1.0-SNAPSHOT/route66-expressive-java-0.1.0-SNAPSHOT.jar:/home/admitone/.m2/repository/org/apache/commons/commons-lang3/3.12.0/commons-lang3-3.12.0.jar:/home/admitone/.m2/repository/org/projectlombok/lombok/1.18.26/lombok-1.18.26.jar:/home/admitone/.m2/repository/javax/annotation/javax.annotation-api/1.3.2/javax.annotation-api-1.3.2.jar:/home/admitone/.m2/repository/jakarta/validation/jakarta.validation-api/3.0.2/jakarta.validation-api-3.0.2.jar:/home/admitone/.m2/repository/org/slf4j/slf4j-api/1.7.36/slf4j-api-1.7.36.jar:/home/admitone/.m2/repository/org/yaml/snakeyaml/1.33/snakeyaml-1.33.jar:/home/admitone/.m2/repository/com/fasterxml/jackson/core/jackson-core/2.14.0/jackson-core-2.14.0.jar:/home/admitone/.m2/repository/com/fasterxml/jackson/core/jackson-databind/2.13.3/jackson-databind-2.13.3.jar:/home/admitone/.m2/repository/com/fasterxml/jackson/core/jackson-annotations/2.13.3/jackson-annotations-2.13.3.jar:/home/admitone/.m2/repository/com/fasterxml/jackson/dataformat/jackson-dataformat-yaml/2.13.3/jackson-dataformat-yaml-2.13.3.jar:/home/admitone/.m2/repository/com/fasterxml/jackson/datatype/jackson-datatype-jsr310/2.13.3/jackson-datatype-jsr310-2.13.3.jar:/home/admitone/.m2/repository/com/github/spotbugs/spotbugs/4.7.3/spotbugs-4.7.3.jar:/home/admitone/.m2/repository/org/ow2/asm/asm/9.4/asm-9.4.jar:/home/admitone/.m2/repository/org/ow2/asm/asm-analysis/9.4/asm-analysis-9.4.jar:/home/admitone/.m2/repository/org/ow2/asm/asm-commons/9.4/asm-commons-9.4.jar:/home/admitone/.m2/repository/org/ow2/asm/asm-tree/9.4/asm-tree-9.4.jar:/home/admitone/.m2/repository/org/ow2/asm/asm-util/9.4/asm-util-9.4.jar:/home/admitone/.m2/repository/org/apache/bcel/bcel/6.5.0/bcel-6.5.0.jar:/home/admitone/.m2/repository/org/dom4j/dom4j/2.1.3/dom4j-2.1.3.jar:/home/admitone/.m2/repository/org/apache/commons/commons-text/1.10.0/commons-text-1.10.0.jar:/home/admitone/.m2/repository/com/github/spotbugs/spotbugs-annotations/4.7.3/spotbugs-annotations-4.7.3.jar:/home/admitone/.m2/repository/com/google/code/findbugs/jsr305/3.0.2/jsr305-3.0.2.jar:/home/admitone/.m2/repository/com/google/code/gson/gson/2.9.1/gson-2.9.1.jar:/home/admitone/.m2/repository/jaxen/jaxen/1.2.0/jaxen-1.2.0.jar:/home/admitone/.m2/repository/net/sf/saxon/Saxon-HE/11.4/Saxon-HE-11.4.jar:/home/admitone/.m2/repository/org/xmlresolver/xmlresolver/4.4.3/xmlresolver-4.4.3.jar:/home/admitone/.m2/repository/org/apache/httpcomponents/client5/httpclient5/5.1.3/httpclient5-5.1.3.jar:/home/admitone/.m2/repository/org/apache/httpcomponents/core5/httpcore5-h2/5.1.3/httpcore5-h2-5.1.3.jar:/home/admitone/.m2/repository/commons-codec/commons-codec/1.15/commons-codec-1.15.jar:/home/admitone/.m2/repository/org/apache/httpcomponents/core5/httpcore5/5.1.3/httpcore5-5.1.3.jar:/home/admitone/.m2/repository/xml-apis/xml-apis/1.4.01/xml-apis-1.4.01.jar:/home/admitone/.m2/repository/org/xmlresolver/xmlresolver/4.4.3/xmlresolver-4.4.3-data.jar:/home/admitone/.m2/repository/org/apache/logging/log4j/log4j-core/2.19.0/log4j-core-2.19.0.jar:/home/admitone/.m2/repository/org/apache/logging/log4j/log4j-api/2.19.0/log4j-api-2.19.0.jar:/home/admitone/.m2/repository/admitto/unum/route66/tools/route66-code-quality/1.0.0-SNAPSHOT/route66-code-quality-1.0.0-SNAPSHOT.jar:"/>
    <property name="java.vm.vendor" value="GraalVM Community"/>
    <property name="sun.arch.data.model" value="64"/>
    <property name="java.vendor.url" value="https://www.graalvm.org/"/>
    <property name="user.timezone" value="America/Chicago"/>
    <property name="os.name" value="Linux"/>
    <property name="java.vm.specification.version" value="19"/>
    <property name="sun.java.launcher" value="SUN_STANDARD"/>
    <property name="user.country" value="US"/>
    <property name="sun.boot.library.path" value="/home/admitone/.sdkman/candidates/java/22.3.r19-grl/lib"/>
    <property name="sun.java.command" value="/home/admitone/github/admitto-unum-model-diagnostic/target/surefire/surefirebooter-20230607211650822_3.jar /home/admitone/github/admitto-unum-model-diagnostic/target/surefire 2023-06-07T21-16-50_668-jvmRun1 surefire-20230607211650822_1tmp surefire_0-20230607211650822_2tmp"/>
    <property name="jdk.debug" value="release"/>
    <property name="surefire.test.class.path" value="/home/admitone/github/admitto-unum-model-diagnostic/target/test-classes:/home/admitone/github/admitto-unum-model-diagnostic/target/classes:/home/admitone/.m2/repository/org/eclipse/emf/org.eclipse.emf.ecore/2.34.0/org.eclipse.emf.ecore-2.34.0.jar:/home/admitone/.m2/repository/org/eclipse/emf/org.eclipse.emf.common/2.28.0/org.eclipse.emf.common-2.28.0.jar:/home/admitone/.m2/repository/org/eclipse/collections/eclipse-collections/8.2.0/eclipse-collections-8.2.0.jar:/home/admitone/.m2/repository/org/eclipse/collections/eclipse-collections-api/8.2.0/eclipse-collections-api-8.2.0.jar:/home/admitone/.m2/repository/net/jcip/jcip-annotations/1.0/jcip-annotations-1.0.jar:/home/admitone/.m2/repository/io/vavr/vavr/0.10.4/vavr-0.10.4.jar:/home/admitone/.m2/repository/io/vavr/vavr-match/0.10.4/vavr-match-0.10.4.jar:/home/admitone/.m2/repository/org/junit/jupiter/junit-jupiter-engine/5.9.2/junit-jupiter-engine-5.9.2.jar:/home/admitone/.m2/repository/org/junit/platform/junit-platform-engine/1.9.2/junit-platform-engine-1.9.2.jar:/home/admitone/.m2/repository/org/opentest4j/opentest4j/1.2.0/opentest4j-1.2.0.jar:/home/admitone/.m2/repository/org/junit/platform/junit-platform-commons/1.9.2/junit-platform-commons-1.9.2.jar:/home/admitone/.m2/repository/org/junit/jupiter/junit-jupiter-api/5.9.2/junit-jupiter-api-5.9.2.jar:/home/admitone/.m2/repository/org/apiguardian/apiguardian-api/1.1.2/apiguardian-api-1.1.2.jar:/home/admitone/.m2/repository/org/assertj/assertj-core/3.21.0/assertj-core-3.21.0.jar:/home/admitone/.m2/repository/admitto/unum/route66/route66-expressive-java-assert/0.1.0-SNAPSHOT/route66-expressive-java-assert-0.1.0-SNAPSHOT.jar:/home/admitone/.m2/repository/admitto/unum/route66/route66-expressive-java/0.1.0-SNAPSHOT/route66-expressive-java-0.1.0-SNAPSHOT.jar:/home/admitone/.m2/repository/org/apache/commons/commons-lang3/3.12.0/commons-lang3-3.12.0.jar:/home/admitone/.m2/repository/org/projectlombok/lombok/1.18.26/lombok-1.18.26.jar:/home/admitone/.m2/repository/javax/annotation/javax.annotation-api/1.3.2/javax.annotation-api-1.3.2.jar:/home/admitone/.m2/repository/jakarta/validation/jakarta.validation-api/3.0.2/jakarta.validation-api-3.0.2.jar:/home/admitone/.m2/repository/org/slf4j/slf4j-api/1.7.36/slf4j-api-1.7.36.jar:/home/admitone/.m2/repository/org/yaml/snakeyaml/1.33/snakeyaml-1.33.jar:/home/admitone/.m2/repository/com/fasterxml/jackson/core/jackson-core/2.14.0/jackson-core-2.14.0.jar:/home/admitone/.m2/repository/com/fasterxml/jackson/core/jackson-databind/2.13.3/jackson-databind-2.13.3.jar:/home/admitone/.m2/repository/com/fasterxml/jackson/core/jackson-annotations/2.13.3/jackson-annotations-2.13.3.jar:/home/admitone/.m2/repository/com/fasterxml/jackson/dataformat/jackson-dataformat-yaml/2.13.3/jackson-dataformat-yaml-2.13.3.jar:/home/admitone/.m2/repository/com/fasterxml/jackson/datatype/jackson-datatype-jsr310/2.13.3/jackson-datatype-jsr310-2.13.3.jar:/home/admitone/.m2/repository/com/github/spotbugs/spotbugs/4.7.3/spotbugs-4.7.3.jar:/home/admitone/.m2/repository/org/ow2/asm/asm/9.4/asm-9.4.jar:/home/admitone/.m2/repository/org/ow2/asm/asm-analysis/9.4/asm-analysis-9.4.jar:/home/admitone/.m2/repository/org/ow2/asm/asm-commons/9.4/asm-commons-9.4.jar:/home/admitone/.m2/repository/org/ow2/asm/asm-tree/9.4/asm-tree-9.4.jar:/home/admitone/.m2/repository/org/ow2/asm/asm-util/9.4/asm-util-9.4.jar:/home/admitone/.m2/repository/org/apache/bcel/bcel/6.5.0/bcel-6.5.0.jar:/home/admitone/.m2/repository/org/dom4j/dom4j/2.1.3/dom4j-2.1.3.jar:/home/admitone/.m2/repository/org/apache/commons/commons-text/1.10.0/commons-text-1.10.0.jar:/home/admitone/.m2/repository/com/github/spotbugs/spotbugs-annotations/4.7.3/spotbugs-annotations-4.7.3.jar:/home/admitone/.m2/repository/com/google/code/findbugs/jsr305/3.0.2/jsr305-3.0.2.jar:/home/admitone/.m2/repository/com/google/code/gson/gson/2.9.1/gson-2.9.1.jar:/home/admitone/.m2/repository/jaxen/jaxen/1.2.0/jaxen-1.2.0.jar:/home/admitone/.m2/repository/net/sf/saxon/Saxon-HE/11.4/Saxon-HE-11.4.jar:/home/admitone/.m2/repository/org/xmlresolver/xmlresolver/4.4.3/xmlresolver-4.4.3.jar:/home/admitone/.m2/repository/org/apache/httpcomponents/client5/httpclient5/5.1.3/httpclient5-5.1.3.jar:/home/admitone/.m2/repository/org/apache/httpcomponents/core5/httpcore5-h2/5.1.3/httpcore5-h2-5.1.3.jar:/home/admitone/.m2/repository/commons-codec/commons-codec/1.15/commons-codec-1.15.jar:/home/admitone/.m2/repository/org/apache/httpcomponents/core5/httpcore5/5.1.3/httpcore5-5.1.3.jar:/home/admitone/.m2/repository/xml-apis/xml-apis/1.4.01/xml-apis-1.4.01.jar:/home/admitone/.m2/repository/org/xmlresolver/xmlresolver/4.4.3/xmlresolver-4.4.3-data.jar:/home/admitone/.m2/repository/org/apache/logging/log4j/log4j-core/2.19.0/log4j-core-2.19.0.jar:/home/admitone/.m2/repository/org/apache/logging/log4j/log4j-api/2.19.0/log4j-api-2.19.0.jar:/home/admitone/.m2/repository/admitto/unum/route66/tools/route66-code-quality/1.0.0-SNAPSHOT/route66-code-quality-1.0.0-SNAPSHOT.jar:"/>
    <property name="sun.cpu.endian" value="little"/>
    <property name="user.home" value="/home/admitone"/>
    <property name="user.language" value="en"/>
    <property name="java.specification.vendor" value="Oracle Corporation"/>
    <property name="java.version.date" value="2022-10-18"/>
    <property name="java.home" value="/home/admitone/.sdkman/candidates/java/22.3.r19-grl"/>
    <property name="file.separator" value="/"/>
    <property name="basedir" value="/home/admitone/github/admitto-unum-model-diagnostic"/>
    <property name="style.color" value="always"/>
    <property name="java.vm.compressedOopsMode" value="Zero based"/>
    <property name="jdk.internal.vm.ci.enabled" value="true"/>
    <property name="line.separator" value="&#10;"/>
    <property name="java.vm.specification.vendor" value="Oracle Corporation"/>
    <property name="java.specification.name" value="Java Platform API Specification"/>
    <property name="surefire.real.class.path" value="/home/admitone/github/admitto-unum-model-diagnostic/target/surefire/surefirebooter-20230607211650822_3.jar"/>
    <property name="sun.management.compiler" value="HotSpot 64-Bit Tiered Compilers"/>
    <property name="java.runtime.version" value="19.0.1+10-jvmci-22.3-b08"/>
    <property name="user.name" value="admitone"/>
    <property name="stdout.encoding" value="UTF-8"/>
    <property name="path.separator" value=":"/>
    <property name="os.version" value="5.15.0-73-generic"/>
    <property name="java.runtime.name" value="OpenJDK Runtime Environment"/>
    <property name="file.encoding" value="UTF-8"/>
    <property name="java.vm.name" value="OpenJDK 64-Bit Server VM"/>
    <property name="java.vendor.version" value="GraalVM CE 22.3.0"/>
    <property name="localRepository" value="/home/admitone/.m2/repository"/>
    <property name="java.vendor.url.bug" value="https://github.com/oracle/graal/issues"/>
    <property name="java.io.tmpdir" value="/tmp"/>
    <property name="java.version" value="19.0.1"/>
    <property name="user.dir" value="/home/admitone/github/admitto-unum-model-diagnostic"/>
    <property name="os.arch" value="amd64"/>
    <property name="java.vm.specification.name" value="Java Virtual Machine Specification"/>
    <property name="native.encoding" value="UTF-8"/>
    <property name="java.library.path" value="/usr/java/packages/lib:/usr/lib64:/lib64:/lib:/usr/lib"/>
    <property name="java.vm.info" value="mixed mode, sharing"/>
    <property name="stderr.encoding" value="UTF-8"/>
    <property name="java.vendor" value="GraalVM Community"/>
    <property name="java.vm.version" value="19.0.1+10-jvmci-22.3-b08"/>
    <property name="sun.io.unicode.encoding" value="UnicodeLittle"/>
    <property name="java.class.version" value="63.0"/>
  </properties>
  <testcase name="parseName_identifier_SimpleName" classname="admitto.unum.model.diagnosticadmitto.unum.model.diagnostic.diagnostic.NameParser_Test" time="0.239"/>
  <testcase name="parseName_dotNotation_qualifiedName" classname="admitto.unum.model.diagnosticadmitto.unum.model.diagnostic.diagnostic.NameParser_Test" time="0.01"/>
</testsuite>